Temp/gradleOut/launcher/build/intermediates/manifest_merge_blame_file/release/manifest-merger-blame-release-report.txt
1<?xml version="1.0" encoding="utf-8"?>
2<!-- GENERATED BY UNITY. REMOVE THIS COMMENT TO PREVENT OVERWRITING WHEN EXPORTING AGAIN -->
3<manifest xmlns:android="http://schemas.android.com/apk/res/android"
4    package="com.DefaultCompany.GraffitIT"
5    android:installLocation="preferExternal"
6    android:versionCode="1"
7    android:versionName="0.1" >
8
9    <uses-sdk
10        android:minSdkVersion="19"
10-->src\main\AndroidManifest.xml
11        android:targetSdkVersion="31" />
11-->src\main\AndroidManifest.xml
12
13    <supports-screens
13-->src\main\AndroidManifest.xml:4:3-163
14        android:anyDensity="true"
14-->src\main\AndroidManifest.xml:4:135-160
15        android:largeScreens="true"
15-->src\main\AndroidManifest.xml:4:78-105
16        android:normalScreens="true"
16-->src\main\AndroidManifest.xml:4:49-77
17        android:smallScreens="true"
17-->src\main\AndroidManifest.xml:4:21-48
18        android:xlargeScreens="true" />
18-->src\main\AndroidManifest.xml:4:106-134
19
20    <uses-feature android:glEsVersion="0x00020000" />
20-->[:unityLibrary] AndroidManifest.xml:13:5-54
20-->[:unityLibrary] AndroidManifest.xml:13:19-51
21
22    <uses-permission android:name="android.permission.INTERNET" />
22-->[:unityLibrary] AndroidManifest.xml:15:5-67
22-->[:unityLibrary] AndroidManifest.xml:15:22-64
23    <uses-permission android:name="android.permission.ACCESS_FINE_LOCATION" />
23-->[:unityLibrary] AndroidManifest.xml:16:5-79
23-->[:unityLibrary] AndroidManifest.xml:16:22-76
24
25    <uses-feature
25-->[:unityLibrary] AndroidManifest.xml:18:5-20:36
26        android:name="android.hardware.location.gps"
26-->[:unityLibrary] AndroidManifest.xml:19:9-53
27        android:required="false" />
27-->[:unityLibrary] AndroidManifest.xml:20:9-33
28    <uses-feature
28-->[:unityLibrary] AndroidManifest.xml:21:5-23:36
29        android:name="android.hardware.location"
29-->[:unityLibrary] AndroidManifest.xml:22:9-49
30        android:required="false" />
30-->[:unityLibrary] AndroidManifest.xml:23:9-33
31
32    <uses-permission android:name="android.permission.CAMERA" />
32-->[:unityLibrary] AndroidManifest.xml:25:5-65
32-->[:unityLibrary] AndroidManifest.xml:25:22-62
33
34    <uses-feature
34-->[:unityLibrary] AndroidManifest.xml:27:5-29:36
35        android:name="android.hardware.camera"
35-->[:unityLibrary] AndroidManifest.xml:28:9-47
36        android:required="false" />
36-->[:unityLibrary] AndroidManifest.xml:29:9-33
37    <uses-feature
37-->[:unityLibrary] AndroidManifest.xml:30:5-32:36
38        android:name="android.hardware.camera.autofocus"
38-->[:unityLibrary] AndroidManifest.xml:31:9-57
39        android:required="false" />
39-->[:unityLibrary] AndroidManifest.xml:32:9-33
40    <uses-feature
40-->[:unityLibrary] AndroidManifest.xml:33:5-35:36
41        android:name="android.hardware.camera.front"
41-->[:unityLibrary] AndroidManifest.xml:34:9-53
42        android:required="false" />
42-->[:unityLibrary] AndroidManifest.xml:35:9-33
43    <uses-feature
43-->[:unityLibrary] AndroidManifest.xml:36:5-38:36
44        android:name="android.hardware.touchscreen"
44-->[:unityLibrary] AndroidManifest.xml:37:9-52
45        android:required="false" />
45-->[:unityLibrary] AndroidManifest.xml:38:9-33
46    <uses-feature
46-->[:unityLibrary] AndroidManifest.xml:39:5-41:36
47        android:name="android.hardware.touchscreen.multitouch"
47-->[:unityLibrary] AndroidManifest.xml:40:9-63
48        android:required="false" />
48-->[:unityLibrary] AndroidManifest.xml:41:9-33
49    <uses-feature
49-->[:unityLibrary] AndroidManifest.xml:42:5-44:36
50        android:name="android.hardware.touchscreen.multitouch.distinct"
50-->[:unityLibrary] AndroidManifest.xml:43:9-72
51        android:required="false" />
51-->[:unityLibrary] AndroidManifest.xml:44:9-33
52
53    <uses-permission android:name="android.permission.READ_EXTERNAL_STORAGE" />
53-->[:NativeCamera:] AndroidManifest.xml:13:2-98
53-->[:NativeCamera:] AndroidManifest.xml:13:19-74
54    <uses-permission android:name="android.permission.WRITE_EXTERNAL_STORAGE" />
54-->[:NativeCamera:] AndroidManifest.xml:14:2-99
54-->[:NativeCamera:] AndroidManifest.xml:14:19-75
55
56    <application
56-->src\main\AndroidManifest.xml:5:3-116
57        android:extractNativeLibs="true"
57-->src\main\AndroidManifest.xml:5:16-48
58        android:icon="@mipmap/app_icon"
58-->src\main\AndroidManifest.xml:5:82-113
59        android:label="@string/app_name"
59-->src\main\AndroidManifest.xml:5:49-81
60        android:requestLegacyExternalStorage="true" >
60-->[:NativeGallery:] AndroidManifest.xml:5:15-58
61        <activity
61-->[:unityLibrary] AndroidManifest.xml:47:9-67:20
62            android:name="com.unity3d.player.UnityPlayerActivity"
62-->[:unityLibrary] AndroidManifest.xml:48:13-66
63            android:configChanges="mcc|mnc|locale|touchscreen|keyboard|keyboardHidden|navigation|orientation|screenLayout|uiMode|screenSize|smallestScreenSize|fontScale|layoutDirection|density"
63-->[:unityLibrary] AndroidManifest.xml:49:13-194
64            android:hardwareAccelerated="false"
64-->[:unityLibrary] AndroidManifest.xml:50:13-48
65            android:launchMode="singleTask"
65-->[:unityLibrary] AndroidManifest.xml:51:13-44
66            android:resizeableActivity="false"
66-->[:unityLibrary] AndroidManifest.xml:52:13-47
67            android:screenOrientation="fullSensor"
67-->[:unityLibrary] AndroidManifest.xml:53:13-51
68            android:theme="@style/UnityThemeSelector" >
68-->[:unityLibrary] AndroidManifest.xml:54:13-54
69            <intent-filter>
69-->[:unityLibrary] AndroidManifest.xml:55:13-59:29
70                <action android:name="android.intent.action.MAIN" />
70-->[:unityLibrary] AndroidManifest.xml:56:17-69
70-->[:unityLibrary] AndroidManifest.xml:56:25-66
71
72                <category android:name="android.intent.category.LAUNCHER" />
72-->[:unityLibrary] AndroidManifest.xml:58:17-77
72-->[:unityLibrary] AndroidManifest.xml:58:27-74
73            </intent-filter>
74
75            <meta-data
75-->[:unityLibrary] AndroidManifest.xml:61:13-63:40
76                android:name="unityplayer.UnityActivity"
76-->[:unityLibrary] AndroidManifest.xml:62:17-57
77                android:value="true" />
77-->[:unityLibrary] AndroidManifest.xml:63:17-37
78            <meta-data
78-->[:unityLibrary] AndroidManifest.xml:64:13-66:40
79                android:name="android.notch_support"
79-->[:unityLibrary] AndroidManifest.xml:65:17-53
80                android:value="true" />
80-->[:unityLibrary] AndroidManifest.xml:66:17-37
81        </activity>
82
83        <meta-data
83-->[:unityLibrary] AndroidManifest.xml:69:9-71:33
84            android:name="unity.splash-mode"
84-->[:unityLibrary] AndroidManifest.xml:70:13-45
85            android:value="0" />
85-->[:unityLibrary] AndroidManifest.xml:71:13-30
86        <meta-data
86-->[:unityLibrary] AndroidManifest.xml:72:9-74:36
87            android:name="unity.splash-enable"
87-->[:unityLibrary] AndroidManifest.xml:73:13-47
88            android:value="True" />
88-->[:unityLibrary] AndroidManifest.xml:74:13-33
89        <meta-data
89-->[:unityLibrary] AndroidManifest.xml:75:9-77:37
90            android:name="unity.allow-resizable-window"
90-->[:unityLibrary] AndroidManifest.xml:76:13-56
91            android:value="False" />
91-->[:unityLibrary] AndroidManifest.xml:77:13-34
92        <meta-data
92-->[:unityLibrary] AndroidManifest.xml:78:9-80:50
93            android:name="notch.config"
93-->[:unityLibrary] AndroidManifest.xml:79:13-40
94            android:value="portrait|landscape" />
94-->[:unityLibrary] AndroidManifest.xml:80:13-47
95        <meta-data
95-->[:unityLibrary] AndroidManifest.xml:81:9-83:68
96            android:name="unity.build-id"
96-->[:unityLibrary] AndroidManifest.xml:82:13-42
97            android:value="c322e386-f597-4918-b268-192e09663093" />
97-->[:unityLibrary] AndroidManifest.xml:83:13-65
98
99        <provider
99-->[:NativeCamera:] AndroidManifest.xml:4:3-8:42
100            android:name="com.yasirkula.unity.NativeCameraContentProvider"
100-->[:NativeCamera:] AndroidManifest.xml:5:5-67
101            android:authorities="com.DefaultCompany.GraffitIT.NativeCameraContentProvider"
101-->[:NativeCamera:] AndroidManifest.xml:6:5-71
102            android:exported="false"
102-->[:NativeCamera:] AndroidManifest.xml:7:5-29
103            android:grantUriPermissions="true" />
103-->[:NativeCamera:] AndroidManifest.xml:8:5-39
104    </application>
105
106</manifest>